<?xml version="1.0" encoding="UTF-8"?>
<!-- Generated by org.testng.reporters.JUnitXMLReporter -->
<testsuite ignored="0" hostname="LAPTOP-4EBV38TC" failures="1" tests="2" name="Test" time="22.595" errors="0" timestamp="2024-11-05T09:10:38 TRT">
  <testcase classname="testCases.AccountRegistrationTest" name="verifyAccountRegistration" time="2.275"/>
  <testcase classname="testCases.LoginTest" name="verifyLogin" time="11.375">
    <failure type="java.lang.AssertionError" message="Login failed expected [true] but found [false]">
      <![CDATA[java.lang.AssertionError: Login failed expected [true] but found [false]
at testCases.LoginTest.verifyLogin(LoginTest.java:32)
at java.base/java.util.ArrayList.forEach(ArrayList.java:1597)
... Removed 30 stack frames]]>
    </failure>
  </testcase> <!-- verifyLogin -->
</testsuite> <!-- Test -->
