<?xml version="1.0" encoding="UTF-8"?>
<!-- Generated by org.testng.reporters.JUnitXMLReporter -->
<testsuite ignored="0" hostname="LAPTOP-4EBV38TC" failures="0" tests="8" name="Test" time="74.737" errors="0" timestamp="2024-11-06T07:41:04 TRT">
  <testcase classname="testCases.AccountRegistrationTest" name="verifyAccountRegistration" time="2.224"/>
  <testcase classname="testCases.LoginTest" name="verifyLogin" time="1.721"/>
  <testcase classname="testCases.LoginDataDrivenTest" name="verify_loginDDT" time="1.944"/>
  <testcase classname="testCases.LoginDataDrivenTest" name="verify_loginDDT" time="11.036"/>
  <testcase classname="testCases.LoginDataDrivenTest" name="verify_loginDDT" time="11.128"/>
  <testcase classname="testCases.LoginDataDrivenTest" name="verify_loginDDT" time="11.465"/>
  <testcase classname="testCases.LoginDataDrivenTest" name="verify_loginDDT" time="11.437"/>
  <testcase classname="testCases.LoginDataDrivenTest" name="verify_loginDDT" time="11.687"/>
</testsuite> <!-- Test -->
