<?xml version="1.0" encoding="UTF-8"?>
<!-- Generated by org.testng.reporters.JUnitXMLReporter -->
<testsuite ignored="0" hostname="LAPTOP-4EBV38TC" failures="0" tests="8" name="Test" time="76.438" errors="0" timestamp="2024-11-06T08:18:10 TRT">
  <testcase classname="testCases.AccountRegistrationTest" name="verifyAccountRegistration" time="3.046"/>
  <testcase classname="testCases.LoginTest" name="verifyLogin" time="1.606"/>
  <testcase classname="testCases.LoginDataDrivenTest" name="verify_loginDDT" time="2.155"/>
  <testcase classname="testCases.LoginDataDrivenTest" name="verify_loginDDT" time="11.03"/>
  <testcase classname="testCases.LoginDataDrivenTest" name="verify_loginDDT" time="11.24"/>
  <testcase classname="testCases.LoginDataDrivenTest" name="verify_loginDDT" time="11.54"/>
  <testcase classname="testCases.LoginDataDrivenTest" name="verify_loginDDT" time="11.482"/>
  <testcase classname="testCases.LoginDataDrivenTest" name="verify_loginDDT" time="11.843"/>
</testsuite> <!-- Test -->
