<?xml version="1.0" encoding="UTF-8"?>
<testng-results ignored="0" total="8" passed="8" failed="0" skipped="0">
  <reporter-output>
  </reporter-output>
  <suite started-at="2024-11-06T08:16:53 TRT" name="Suite" finished-at="2024-11-06T08:18:10 TRT" duration-ms="76438">
    <groups>
      <group name="Master">
        <method signature="AccountRegistrationTest.verifyAccountRegistration()[pri:0, instance:testCases.AccountRegistrationTest@9597028]" name="verifyAccountRegistration" class="testCases.AccountRegistrationTest"/>
        <method signature="LoginTest.verifyLogin()[pri:0, instance:testCases.LoginTest@67c27493]" name="verifyLogin" class="testCases.LoginTest"/>
      </group> <!-- Master -->
      <group name="Sanity">
        <method signature="LoginTest.verifyLogin()[pri:0, instance:testCases.LoginTest@67c27493]" name="verifyLogin" class="testCases.LoginTest"/>
      </group> <!-- Sanity -->
      <group name="DataDriven">
        <method signature="LoginDataDrivenTest.verify_loginDDT(java.lang.String,java.lang.String,java.lang.String)[pri:0, instance:testCases.LoginDataDrivenTest@1a482e36]" name="verify_loginDDT" class="testCases.LoginDataDrivenTest"/>
      </group> <!-- DataDriven -->
      <group name="Regression">
        <method signature="AccountRegistrationTest.verifyAccountRegistration()[pri:0, instance:testCases.AccountRegistrationTest@9597028]" name="verifyAccountRegistration" class="testCases.AccountRegistrationTest"/>
      </group> <!-- Regression -->
    </groups>
    <test started-at="2024-11-06T08:16:53 TRT" name="Test" finished-at="2024-11-06T08:18:10 TRT" duration-ms="76438">
      <class name="testCases.LoginTest">
        <test-method is-config="true" signature="setup(java.lang.String,java.lang.String)[pri:0, instance:testCases.LoginTest@67c27493]" started-at="2024-11-06T08:17:01 TRT" name="setup" finished-at="2024-11-06T08:17:04 TRT" duration-ms="3324" status="PASS">
          <params>
            <param index="0">
              <value>
                <![CDATA[Windows]]>
              </value>
            </param>
            <param index="1">
              <value>
                <![CDATA[chrome]]>
              </value>
            </param>
          </params>
          <reporter-output>
          </reporter-output>
        </test-method> <!-- setup -->
        <test-method signature="verifyLogin()[pri:0, instance:testCases.LoginTest@67c27493]" started-at="2024-11-06T08:17:04 TRT" name="verifyLogin" finished-at="2024-11-06T08:17:06 TRT" duration-ms="1606" status="PASS">
          <reporter-output>
          </reporter-output>
        </test-method> <!-- verifyLogin -->
        <test-method is-config="true" signature="tearDown()[pri:0, instance:testCases.LoginTest@67c27493]" started-at="2024-11-06T08:17:06 TRT" name="tearDown" finished-at="2024-11-06T08:17:06 TRT" duration-ms="300" status="PASS">
          <reporter-output>
          </reporter-output>
        </test-method> <!-- tearDown -->
      </class> <!-- testCases.LoginTest -->
      <class name="testCases.AccountRegistrationTest">
        <test-method is-config="true" signature="setup(java.lang.String,java.lang.String)[pri:0, instance:testCases.AccountRegistrationTest@9597028]" started-at="2024-11-06T08:16:54 TRT" name="setup" finished-at="2024-11-06T08:16:57 TRT" duration-ms="3821" status="PASS">
          <params>
            <param index="0">
              <value>
                <![CDATA[Windows]]>
              </value>
            </param>
            <param index="1">
              <value>
                <![CDATA[chrome]]>
              </value>
            </param>
          </params>
          <reporter-output>
          </reporter-output>
        </test-method> <!-- setup -->
        <test-method signature="verifyAccountRegistration()[pri:0, instance:testCases.AccountRegistrationTest@9597028]" started-at="2024-11-06T08:16:57 TRT" name="verifyAccountRegistration" finished-at="2024-11-06T08:17:00 TRT" duration-ms="3046" status="PASS">
          <reporter-output>
          </reporter-output>
        </test-method> <!-- verifyAccountRegistration -->
        <test-method is-config="true" signature="tearDown()[pri:0, instance:testCases.AccountRegistrationTest@9597028]" started-at="2024-11-06T08:17:00 TRT" name="tearDown" finished-at="2024-11-06T08:17:01 TRT" duration-ms="212" status="PASS">
          <reporter-output>
          </reporter-output>
        </test-method> <!-- tearDown -->
      </class> <!-- testCases.AccountRegistrationTest -->
      <class name="testCases.LoginDataDrivenTest">
        <test-method is-config="true" signature="setup(java.lang.String,java.lang.String)[pri:0, instance:testCases.LoginDataDrivenTest@1a482e36]" started-at="2024-11-06T08:17:06 TRT" name="setup" finished-at="2024-11-06T08:17:09 TRT" duration-ms="3246" status="PASS">
          <params>
            <param index="0">
              <value>
                <![CDATA[Windows]]>
              </value>
            </param>
            <param index="1">
              <value>
                <![CDATA[chrome]]>
              </value>
            </param>
          </params>
          <reporter-output>
          </reporter-output>
        </test-method> <!-- setup -->
        <test-method signature="verify_loginDDT(java.lang.String,java.lang.String,java.lang.String)[pri:0, instance:testCases.LoginDataDrivenTest@1a482e36]" started-at="2024-11-06T08:17:10 TRT" name="verify_loginDDT" data-provider="LoginData" finished-at="2024-11-06T08:17:12 TRT" duration-ms="2155" status="PASS">
          <params>
            <param index="0">
              <value>
                <![CDATA[testUserEmail123@gmail.com]]>
              </value>
            </param>
            <param index="1">
              <value>
                <![CDATA[test12345]]>
              </value>
            </param>
            <param index="2">
              <value>
                <![CDATA[Valid]]>
              </value>
            </param>
          </params>
          <reporter-output>
          </reporter-output>
        </test-method> <!-- verify_loginDDT -->
        <test-method signature="verify_loginDDT(java.lang.String,java.lang.String,java.lang.String)[pri:0, instance:testCases.LoginDataDrivenTest@1a482e36]" started-at="2024-11-06T08:17:12 TRT" name="verify_loginDDT" data-provider="LoginData" finished-at="2024-11-06T08:17:23 TRT" duration-ms="11030" status="PASS">
          <params>
            <param index="0">
              <value>
                <![CDATA[myemail@mail.com]]>
              </value>
            </param>
            <param index="1">
              <value>
                <![CDATA[my1234]]>
              </value>
            </param>
            <param index="2">
              <value>
                <![CDATA[Invalid]]>
              </value>
            </param>
          </params>
          <reporter-output>
          </reporter-output>
        </test-method> <!-- verify_loginDDT -->
        <test-method signature="verify_loginDDT(java.lang.String,java.lang.String,java.lang.String)[pri:0, instance:testCases.LoginDataDrivenTest@1a482e36]" started-at="2024-11-06T08:17:23 TRT" name="verify_loginDDT" data-provider="LoginData" finished-at="2024-11-06T08:17:35 TRT" duration-ms="11240" status="PASS">
          <params>
            <param index="0">
              <value>
                <![CDATA[testEmail@hotmail.com]]>
              </value>
            </param>
            <param index="1">
              <value>
                <![CDATA[abc123]]>
              </value>
            </param>
            <param index="2">
              <value>
                <![CDATA[Invalid]]>
              </value>
            </param>
          </params>
          <reporter-output>
          </reporter-output>
        </test-method> <!-- verify_loginDDT -->
        <test-method signature="verify_loginDDT(java.lang.String,java.lang.String,java.lang.String)[pri:0, instance:testCases.LoginDataDrivenTest@1a482e36]" started-at="2024-11-06T08:17:35 TRT" name="verify_loginDDT" data-provider="LoginData" finished-at="2024-11-06T08:17:46 TRT" duration-ms="11540" status="PASS">
          <params>
            <param index="0">
              <value>
                <![CDATA[testTest123@windowslive.com]]>
              </value>
            </param>
            <param index="1">
              <value>
                <![CDATA[x1y2z3]]>
              </value>
            </param>
            <param index="2">
              <value>
                <![CDATA[Invalid]]>
              </value>
            </param>
          </params>
          <reporter-output>
          </reporter-output>
        </test-method> <!-- verify_loginDDT -->
        <test-method signature="verify_loginDDT(java.lang.String,java.lang.String,java.lang.String)[pri:0, instance:testCases.LoginDataDrivenTest@1a482e36]" started-at="2024-11-06T08:17:46 TRT" name="verify_loginDDT" data-provider="LoginData" finished-at="2024-11-06T08:17:58 TRT" duration-ms="11482" status="PASS">
          <params>
            <param index="0">
              <value>
                <![CDATA[]]>
              </value>
            </param>
            <param index="1">
              <value>
                <![CDATA[anc123]]>
              </value>
            </param>
            <param index="2">
              <value>
                <![CDATA[Invalid]]>
              </value>
            </param>
          </params>
          <reporter-output>
          </reporter-output>
        </test-method> <!-- verify_loginDDT -->
        <test-method signature="verify_loginDDT(java.lang.String,java.lang.String,java.lang.String)[pri:0, instance:testCases.LoginDataDrivenTest@1a482e36]" started-at="2024-11-06T08:17:58 TRT" name="verify_loginDDT" data-provider="LoginData" finished-at="2024-11-06T08:18:10 TRT" duration-ms="11843" status="PASS">
          <params>
            <param index="0">
              <value>
                <![CDATA[testUserMail@yahoo.com]]>
              </value>
            </param>
            <param index="1">
              <value>
                <![CDATA[]]>
              </value>
            </param>
            <param index="2">
              <value>
                <![CDATA[Invalid]]>
              </value>
            </param>
          </params>
          <reporter-output>
          </reporter-output>
        </test-method> <!-- verify_loginDDT -->
        <test-method is-config="true" signature="tearDown()[pri:0, instance:testCases.LoginDataDrivenTest@1a482e36]" started-at="2024-11-06T08:18:10 TRT" name="tearDown" finished-at="2024-11-06T08:18:10 TRT" duration-ms="226" status="PASS">
          <reporter-output>
          </reporter-output>
        </test-method> <!-- tearDown -->
      </class> <!-- testCases.LoginDataDrivenTest -->
    </test> <!-- Test -->
  </suite> <!-- Suite -->
</testng-results>
