<?xml version="1.0" encoding="UTF-8"?>
<testng-results ignored="0" total="8" passed="8" failed="0" skipped="0">
  <reporter-output>
  </reporter-output>
  <suite started-at="2024-11-06T07:39:49 TRT" name="Suite" finished-at="2024-11-06T07:41:04 TRT" duration-ms="74737">
    <groups>
      <group name="Master">
        <method signature="AccountRegistrationTest.verifyAccountRegistration()[pri:0, instance:testCases.AccountRegistrationTest@2f9f7dcf]" name="verifyAccountRegistration" class="testCases.AccountRegistrationTest"/>
        <method signature="LoginTest.verifyLogin()[pri:0, instance:testCases.LoginTest@42a48628]" name="verifyLogin" class="testCases.LoginTest"/>
      </group> <!-- Master -->
      <group name="Sanity">
        <method signature="LoginTest.verifyLogin()[pri:0, instance:testCases.LoginTest@42a48628]" name="verifyLogin" class="testCases.LoginTest"/>
      </group> <!-- Sanity -->
      <group name="DataDriven">
        <method signature="LoginDataDrivenTest.verify_loginDDT(java.lang.String,java.lang.String,java.lang.String)[pri:0, instance:testCases.LoginDataDrivenTest@293a5bf6]" name="verify_loginDDT" class="testCases.LoginDataDrivenTest"/>
      </group> <!-- DataDriven -->
      <group name="Regression">
        <method signature="AccountRegistrationTest.verifyAccountRegistration()[pri:0, instance:testCases.AccountRegistrationTest@2f9f7dcf]" name="verifyAccountRegistration" class="testCases.AccountRegistrationTest"/>
      </group> <!-- Regression -->
    </groups>
    <test started-at="2024-11-06T07:39:49 TRT" name="Test" finished-at="2024-11-06T07:41:04 TRT" duration-ms="74737">
      <class name="testCases.LoginTest">
        <test-method is-config="true" signature="setup(java.lang.String,java.lang.String)[pri:0, instance:testCases.LoginTest@42a48628]" started-at="2024-11-06T07:39:56 TRT" name="setup" finished-at="2024-11-06T07:39:59 TRT" duration-ms="2900" status="PASS">
          <params>
            <param index="0">
              <value>
                <![CDATA[Windows]]>
              </value>
            </param>
            <param index="1">
              <value>
                <![CDATA[chrome]]>
              </value>
            </param>
          </params>
          <reporter-output>
          </reporter-output>
        </test-method> <!-- setup -->
        <test-method signature="verifyLogin()[pri:0, instance:testCases.LoginTest@42a48628]" started-at="2024-11-06T07:39:59 TRT" name="verifyLogin" finished-at="2024-11-06T07:40:00 TRT" duration-ms="1721" status="PASS">
          <reporter-output>
          </reporter-output>
        </test-method> <!-- verifyLogin -->
        <test-method is-config="true" signature="tearDown()[pri:0, instance:testCases.LoginTest@42a48628]" started-at="2024-11-06T07:40:00 TRT" name="tearDown" finished-at="2024-11-06T07:40:01 TRT" duration-ms="246" status="PASS">
          <reporter-output>
          </reporter-output>
        </test-method> <!-- tearDown -->
      </class> <!-- testCases.LoginTest -->
      <class name="testCases.AccountRegistrationTest">
        <test-method is-config="true" signature="setup(java.lang.String,java.lang.String)[pri:0, instance:testCases.AccountRegistrationTest@2f9f7dcf]" started-at="2024-11-06T07:39:50 TRT" name="setup" finished-at="2024-11-06T07:39:53 TRT" duration-ms="3750" status="PASS">
          <params>
            <param index="0">
              <value>
                <![CDATA[Windows]]>
              </value>
            </param>
            <param index="1">
              <value>
                <![CDATA[chrome]]>
              </value>
            </param>
          </params>
          <reporter-output>
          </reporter-output>
        </test-method> <!-- setup -->
        <test-method signature="verifyAccountRegistration()[pri:0, instance:testCases.AccountRegistrationTest@2f9f7dcf]" started-at="2024-11-06T07:39:53 TRT" name="verifyAccountRegistration" finished-at="2024-11-06T07:39:56 TRT" duration-ms="2224" status="PASS">
          <reporter-output>
          </reporter-output>
        </test-method> <!-- verifyAccountRegistration -->
        <test-method is-config="true" signature="tearDown()[pri:0, instance:testCases.AccountRegistrationTest@2f9f7dcf]" started-at="2024-11-06T07:39:56 TRT" name="tearDown" finished-at="2024-11-06T07:39:56 TRT" duration-ms="250" status="PASS">
          <reporter-output>
          </reporter-output>
        </test-method> <!-- tearDown -->
      </class> <!-- testCases.AccountRegistrationTest -->
      <class name="testCases.LoginDataDrivenTest">
        <test-method is-config="true" signature="setup(java.lang.String,java.lang.String)[pri:0, instance:testCases.LoginDataDrivenTest@293a5bf6]" started-at="2024-11-06T07:40:01 TRT" name="setup" finished-at="2024-11-06T07:40:04 TRT" duration-ms="3063" status="PASS">
          <params>
            <param index="0">
              <value>
                <![CDATA[Windows]]>
              </value>
            </param>
            <param index="1">
              <value>
                <![CDATA[chrome]]>
              </value>
            </param>
          </params>
          <reporter-output>
          </reporter-output>
        </test-method> <!-- setup -->
        <test-method signature="verify_loginDDT(java.lang.String,java.lang.String,java.lang.String)[pri:0, instance:testCases.LoginDataDrivenTest@293a5bf6]" started-at="2024-11-06T07:40:05 TRT" name="verify_loginDDT" data-provider="LoginData" finished-at="2024-11-06T07:40:07 TRT" duration-ms="1944" status="PASS">
          <params>
            <param index="0">
              <value>
                <![CDATA[testUserEmail123@gmail.com]]>
              </value>
            </param>
            <param index="1">
              <value>
                <![CDATA[test12345]]>
              </value>
            </param>
            <param index="2">
              <value>
                <![CDATA[Valid]]>
              </value>
            </param>
          </params>
          <reporter-output>
          </reporter-output>
        </test-method> <!-- verify_loginDDT -->
        <test-method signature="verify_loginDDT(java.lang.String,java.lang.String,java.lang.String)[pri:0, instance:testCases.LoginDataDrivenTest@293a5bf6]" started-at="2024-11-06T07:40:07 TRT" name="verify_loginDDT" data-provider="LoginData" finished-at="2024-11-06T07:40:18 TRT" duration-ms="11036" status="PASS">
          <params>
            <param index="0">
              <value>
                <![CDATA[myemail@mail.com]]>
              </value>
            </param>
            <param index="1">
              <value>
                <![CDATA[my1234]]>
              </value>
            </param>
            <param index="2">
              <value>
                <![CDATA[Invalid]]>
              </value>
            </param>
          </params>
          <reporter-output>
          </reporter-output>
        </test-method> <!-- verify_loginDDT -->
        <test-method signature="verify_loginDDT(java.lang.String,java.lang.String,java.lang.String)[pri:0, instance:testCases.LoginDataDrivenTest@293a5bf6]" started-at="2024-11-06T07:40:18 TRT" name="verify_loginDDT" data-provider="LoginData" finished-at="2024-11-06T07:40:29 TRT" duration-ms="11128" status="PASS">
          <params>
            <param index="0">
              <value>
                <![CDATA[testEmail@hotmail.com]]>
              </value>
            </param>
            <param index="1">
              <value>
                <![CDATA[abc123]]>
              </value>
            </param>
            <param index="2">
              <value>
                <![CDATA[Invalid]]>
              </value>
            </param>
          </params>
          <reporter-output>
          </reporter-output>
        </test-method> <!-- verify_loginDDT -->
        <test-method signature="verify_loginDDT(java.lang.String,java.lang.String,java.lang.String)[pri:0, instance:testCases.LoginDataDrivenTest@293a5bf6]" started-at="2024-11-06T07:40:29 TRT" name="verify_loginDDT" data-provider="LoginData" finished-at="2024-11-06T07:40:41 TRT" duration-ms="11465" status="PASS">
          <params>
            <param index="0">
              <value>
                <![CDATA[testTest123@windowslive.com]]>
              </value>
            </param>
            <param index="1">
              <value>
                <![CDATA[x1y2z3]]>
              </value>
            </param>
            <param index="2">
              <value>
                <![CDATA[Invalid]]>
              </value>
            </param>
          </params>
          <reporter-output>
          </reporter-output>
        </test-method> <!-- verify_loginDDT -->
        <test-method signature="verify_loginDDT(java.lang.String,java.lang.String,java.lang.String)[pri:0, instance:testCases.LoginDataDrivenTest@293a5bf6]" started-at="2024-11-06T07:40:41 TRT" name="verify_loginDDT" data-provider="LoginData" finished-at="2024-11-06T07:40:52 TRT" duration-ms="11437" status="PASS">
          <params>
            <param index="0">
              <value>
                <![CDATA[]]>
              </value>
            </param>
            <param index="1">
              <value>
                <![CDATA[anc123]]>
              </value>
            </param>
            <param index="2">
              <value>
                <![CDATA[Invalid]]>
              </value>
            </param>
          </params>
          <reporter-output>
          </reporter-output>
        </test-method> <!-- verify_loginDDT -->
        <test-method signature="verify_loginDDT(java.lang.String,java.lang.String,java.lang.String)[pri:0, instance:testCases.LoginDataDrivenTest@293a5bf6]" started-at="2024-11-06T07:40:52 TRT" name="verify_loginDDT" data-provider="LoginData" finished-at="2024-11-06T07:41:04 TRT" duration-ms="11687" status="PASS">
          <params>
            <param index="0">
              <value>
                <![CDATA[testUserMail@yahoo.com]]>
              </value>
            </param>
            <param index="1">
              <value>
                <![CDATA[]]>
              </value>
            </param>
            <param index="2">
              <value>
                <![CDATA[Invalid]]>
              </value>
            </param>
          </params>
          <reporter-output>
          </reporter-output>
        </test-method> <!-- verify_loginDDT -->
        <test-method is-config="true" signature="tearDown()[pri:0, instance:testCases.LoginDataDrivenTest@293a5bf6]" started-at="2024-11-06T07:41:04 TRT" name="tearDown" finished-at="2024-11-06T07:41:04 TRT" duration-ms="197" status="PASS">
          <reporter-output>
          </reporter-output>
        </test-method> <!-- tearDown -->
      </class> <!-- testCases.LoginDataDrivenTest -->
    </test> <!-- Test -->
  </suite> <!-- Suite -->
</testng-results>
